
**** Build of configuration Debug for project lesson ****

"C:\\ti\\ccs\\utils\\bin\\gmake" -k -j 12 all -O 
 
Building file: "../main.c"
Invoking: GNU Compiler
"C:/ti/ccs/tools/compiler/gcc-arm-none-eabi-9-2019-q4-major/bin/arm-none-eabi-gcc-9.2.1.exe" -c -mcpu=cortex-m4 -march=armv7e-m -mthumb -mfloat-abi=hard -mfpu=fpv4-sp-d16 -DPART_TM4C123GH6PM -I"D:/E Drive/E drive/Embedded/modern_embedded_systems/my_work/lessons/lesson19" -I"C:/ti/ccs/tools/compiler/gcc-arm-none-eabi-9-2019-q4-major/arm-none-eabi/include" -Og -ffunction-sections -fdata-sections -g -gdwarf-3 -gstrict-dwarf -Wall -specs="nosys.specs" -MMD -MP -MF"main.d_raw" -MT"main.o"   -o"main.o" "../main.c"
Finished building: "../main.c"
 
Building file: "../tm4c123gh6pm_startup_ccs_gcc.c"
Invoking: GNU Compiler
"C:/ti/ccs/tools/compiler/gcc-arm-none-eabi-9-2019-q4-major/bin/arm-none-eabi-gcc-9.2.1.exe" -c -mcpu=cortex-m4 -march=armv7e-m -mthumb -mfloat-abi=hard -mfpu=fpv4-sp-d16 -DPART_TM4C123GH6PM -I"D:/E Drive/E drive/Embedded/modern_embedded_systems/my_work/lessons/lesson19" -I"C:/ti/ccs/tools/compiler/gcc-arm-none-eabi-9-2019-q4-major/arm-none-eabi/include" -Og -ffunction-sections -fdata-sections -g -gdwarf-3 -gstrict-dwarf -Wall -specs="nosys.specs" -MMD -MP -MF"tm4c123gh6pm_startup_ccs_gcc.d_raw" -MT"tm4c123gh6pm_startup_ccs_gcc.o"   -o"tm4c123gh6pm_startup_ccs_gcc.o" "../tm4c123gh6pm_startup_ccs_gcc.c"
Finished building: "../tm4c123gh6pm_startup_ccs_gcc.c"
 
Building target: "lesson.out"
Invoking: GNU Linker
"C:/ti/ccs/tools/compiler/gcc-arm-none-eabi-9-2019-q4-major/bin/arm-none-eabi-gcc-9.2.1.exe" -mfpu=fpv4-sp-d16 -DPART_TM4C123GH6PM -Og -ffunction-sections -fdata-sections -g -gdwarf-3 -gstrict-dwarf -Wall -specs="nosys.specs" -mcpu=cortex-m4 -Wl,-Map,"lesson.map" -o"lesson.out" "./main.o" "./tm4c123gh6pm_startup_ccs_gcc.o" -Wl,-T"../tm4c123gh6pm.lds"  
makefile:135: recipe for target 'lesson.out' failed
c:/ti/ccs/tools/compiler/gcc-arm-none-eabi-9-2019-q4-major/bin/../lib/gcc/arm-none-eabi/9.2.1/../../../../arm-none-eabi/bin/ld.exe: error: ./main.o uses VFP register arguments, lesson.out does not
c:/ti/ccs/tools/compiler/gcc-arm-none-eabi-9-2019-q4-major/bin/../lib/gcc/arm-none-eabi/9.2.1/../../../../arm-none-eabi/bin/ld.exe: failed to merge target specific data of file ./main.o
c:/ti/ccs/tools/compiler/gcc-arm-none-eabi-9-2019-q4-major/bin/../lib/gcc/arm-none-eabi/9.2.1/../../../../arm-none-eabi/bin/ld.exe: error: ./tm4c123gh6pm_startup_ccs_gcc.o uses VFP register arguments, lesson.out does not
c:/ti/ccs/tools/compiler/gcc-arm-none-eabi-9-2019-q4-major/bin/../lib/gcc/arm-none-eabi/9.2.1/../../../../arm-none-eabi/bin/ld.exe: failed to merge target specific data of file ./tm4c123gh6pm_startup_ccs_gcc.o
collect2.exe: error: ld returned 1 exit status
gmake[1]: *** [lesson.out] Error 1
gmake: *** [all] Error 2
makefile:131: recipe for target 'all' failed

**** Build Finished ****

**** Build of configuration Debug for project lesson ****

"C:\\ti\\ccs\\utils\\bin\\gmake" -k -j 12 all -O 
 
Building target: "lesson.out"
Invoking: GNU Linker
"C:/ti/ccs/tools/compiler/gcc-arm-none-eabi-9-2019-q4-major/bin/arm-none-eabi-gcc-9.2.1.exe" -mfpu=fpv4-sp-d16 -DPART_TM4C123GH6PM -Og -ffunction-sections -fdata-sections -g -gdwarf-3 -gstrict-dwarf -Wall -specs="nosys.specs" -mcpu=cortex-m4 -Wl,-Map,"lesson.map" -o"lesson.out" "./main.o" "./tm4c123gh6pm_startup_ccs_gcc.o" -Wl,-T"../tm4c123gh6pm.lds"  
makefile:135: recipe for target 'lesson.out' failed
c:/ti/ccs/tools/compiler/gcc-arm-none-eabi-9-2019-q4-major/bin/../lib/gcc/arm-none-eabi/9.2.1/../../../../arm-none-eabi/bin/ld.exe: error: ./main.o uses VFP register arguments, lesson.out does not
c:/ti/ccs/tools/compiler/gcc-arm-none-eabi-9-2019-q4-major/bin/../lib/gcc/arm-none-eabi/9.2.1/../../../../arm-none-eabi/bin/ld.exe: failed to merge target specific data of file ./main.o
c:/ti/ccs/tools/compiler/gcc-arm-none-eabi-9-2019-q4-major/bin/../lib/gcc/arm-none-eabi/9.2.1/../../../../arm-none-eabi/bin/ld.exe: error: ./tm4c123gh6pm_startup_ccs_gcc.o uses VFP register arguments, lesson.out does not
c:/ti/ccs/tools/compiler/gcc-arm-none-eabi-9-2019-q4-major/bin/../lib/gcc/arm-none-eabi/9.2.1/../../../../arm-none-eabi/bin/ld.exe: failed to merge target specific data of file ./tm4c123gh6pm_startup_ccs_gcc.o
collect2.exe: error: ld returned 1 exit status
gmake[1]: *** [lesson.out] Error 1
gmake: *** [all] Error 2
makefile:131: recipe for target 'all' failed

**** Build Finished ****

**** Build of configuration Debug for project lesson ****

"C:\\ti\\ccs\\utils\\bin\\gmake" -k -j 12 all -O 
 
Building target: "lesson.out"
Invoking: GNU Linker
"C:/ti/ccs/tools/compiler/gcc-arm-none-eabi-9-2019-q4-major/bin/arm-none-eabi-gcc-9.2.1.exe" -mfpu=fpv4-sp-d16 -DPART_TM4C123GH6PM -Og -ffunction-sections -fdata-sections -g -gdwarf-3 -gstrict-dwarf -Wall -specs="nosys.specs" -mcpu=cortex-m4 -Wl,-Map,"lesson.map" -mfpu=fpv4-sp-d16 -DPART_TM4C123GH6PM -Og -ffunction-sections -fdata-sections -g -gdwarf-3 -gstrict-dwarf -Wall -specs="nosys.specs" -mcpu=cortex-m4 -o"lesson.out" "./main.o" "./tm4c123gh6pm_startup_ccs_gcc.o" -Wl,-T"../tm4c123gh6pm.lds"  
makefile:135: recipe for target 'lesson.out' failed
arm-none-eabi-gcc-9.2.1.exe: fatal error: c:/ti/ccs/tools/compiler/gcc-arm-none-eabi-9-2019-q4-major/bin/../lib/gcc/arm-none-eabi/9.2.1/../../../../arm-none-eabi/lib/nosys.specs: attempt to rename spec 'link_gcc_c_sequence' to already defined spec 'nosys_link_gcc_c_sequence'
compilation terminated.
gmake[1]: *** [lesson.out] Error 1
gmake: *** [all] Error 2
makefile:131: recipe for target 'all' failed

**** Build Finished ****

**** Build of configuration Debug for project lesson ****

"C:\\ti\\ccs\\utils\\bin\\gmake" -k -j 12 all -O 
 
Building target: "lesson.out"
Invoking: GNU Linker
"C:/ti/ccs/tools/compiler/gcc-arm-none-eabi-9-2019-q4-major/bin/arm-none-eabi-gcc-9.2.1.exe" -mfpu=fpv4-sp-d16 -DPART_TM4C123GH6PM -Og -ffunction-sections -fdata-sections -g -gdwarf-3 -gstrict-dwarf -Wall -specs="nosys.specs" -mcpu=cortex-m4 -Wl,-Map,"lesson.map" -mfpu=fpv4-sp-d16 -DPART_TM4C123GH6PM -Og -ffunction-sections -fdata-sections -g -gdwarf-3 -gstrict-dwarf -Wall -specs="nosys.specs" -mcpu=cortex-m4 -o"lesson.out" "./main.o" "./tm4c123gh6pm_startup_ccs_gcc.o" -Wl,-T"../tm4c123gh6pm.lds"  
makefile:135: recipe for target 'lesson.out' failed
arm-none-eabi-gcc-9.2.1.exe: fatal error: c:/ti/ccs/tools/compiler/gcc-arm-none-eabi-9-2019-q4-major/bin/../lib/gcc/arm-none-eabi/9.2.1/../../../../arm-none-eabi/lib/nosys.specs: attempt to rename spec 'link_gcc_c_sequence' to already defined spec 'nosys_link_gcc_c_sequence'
compilation terminated.
gmake[1]: *** [lesson.out] Error 1
gmake: *** [all] Error 2
makefile:131: recipe for target 'all' failed

**** Build Finished ****

**** Build of configuration Debug for project lesson ****

"C:\\ti\\ccs\\utils\\bin\\gmake" -k -j 12 all -O 
 
Building target: "lesson.out"
Invoking: GNU Linker
"C:/ti/ccs/tools/compiler/gcc-arm-none-eabi-9-2019-q4-major/bin/arm-none-eabi-gcc-9.2.1.exe" -mfpu=fpv4-sp-d16 -DPART_TM4C123GH6PM -Og -ffunction-sections -fdata-sections -g -gdwarf-3 -gstrict-dwarf -Wall -specs="nosys.specs" -mcpu=cortex-m4 -Wl,-Map,"lesson.map" -mfpu=fpv4-sp-d16 -DPART_TM4C123GH6PM -Og -ffunction-sections -fdata-sections -g -gdwarf-3 -gstrict-dwarf -Wall -mcpu=cortex-m4 -o"lesson.out" "./main.o" "./tm4c123gh6pm_startup_ccs_gcc.o" -Wl,-T"../tm4c123gh6pm.lds"  
makefile:135: recipe for target 'lesson.out' failed
c:/ti/ccs/tools/compiler/gcc-arm-none-eabi-9-2019-q4-major/bin/../lib/gcc/arm-none-eabi/9.2.1/../../../../arm-none-eabi/bin/ld.exe: error: ./main.o uses VFP register arguments, lesson.out does not
c:/ti/ccs/tools/compiler/gcc-arm-none-eabi-9-2019-q4-major/bin/../lib/gcc/arm-none-eabi/9.2.1/../../../../arm-none-eabi/bin/ld.exe: failed to merge target specific data of file ./main.o
c:/ti/ccs/tools/compiler/gcc-arm-none-eabi-9-2019-q4-major/bin/../lib/gcc/arm-none-eabi/9.2.1/../../../../arm-none-eabi/bin/ld.exe: error: ./tm4c123gh6pm_startup_ccs_gcc.o uses VFP register arguments, lesson.out does not
c:/ti/ccs/tools/compiler/gcc-arm-none-eabi-9-2019-q4-major/bin/../lib/gcc/arm-none-eabi/9.2.1/../../../../arm-none-eabi/bin/ld.exe: failed to merge target specific data of file ./tm4c123gh6pm_startup_ccs_gcc.o
collect2.exe: error: ld returned 1 exit status
gmake[1]: *** [lesson.out] Error 1
gmake: *** [all] Error 2
makefile:131: recipe for target 'all' failed

**** Build Finished ****

**** Build of configuration Debug for project lesson ****

"C:\\ti\\ccs\\utils\\bin\\gmake" -k -j 12 all -O 
 
Building file: "../main.c"
Invoking: GNU Compiler
"C:/ti/ccs/tools/compiler/gcc-arm-none-eabi-9-2019-q4-major/bin/arm-none-eabi-gcc-9.2.1.exe" -c -mcpu=cortex-m4 -march=armv7e-m -mthumb -mfloat-abi=hard -mfpu=fpv4-sp-d16 -DPART_TM4C123GH6PM -I"D:/E Drive/E drive/Embedded/modern_embedded_systems/my_work/lessons/lesson19" -I"C:/ti/ccs/tools/compiler/gcc-arm-none-eabi-9-2019-q4-major/arm-none-eabi/include" -Og -ffunction-sections -fdata-sections -g -gdwarf-3 -gstrict-dwarf -Wall -MMD -MP -MF"main.d_raw" -MT"main.o"   -o"main.o" "../main.c"
Finished building: "../main.c"
 
Building file: "../tm4c123gh6pm_startup_ccs_gcc.c"
Invoking: GNU Compiler
"C:/ti/ccs/tools/compiler/gcc-arm-none-eabi-9-2019-q4-major/bin/arm-none-eabi-gcc-9.2.1.exe" -c -mcpu=cortex-m4 -march=armv7e-m -mthumb -mfloat-abi=hard -mfpu=fpv4-sp-d16 -DPART_TM4C123GH6PM -I"D:/E Drive/E drive/Embedded/modern_embedded_systems/my_work/lessons/lesson19" -I"C:/ti/ccs/tools/compiler/gcc-arm-none-eabi-9-2019-q4-major/arm-none-eabi/include" -Og -ffunction-sections -fdata-sections -g -gdwarf-3 -gstrict-dwarf -Wall -MMD -MP -MF"tm4c123gh6pm_startup_ccs_gcc.d_raw" -MT"tm4c123gh6pm_startup_ccs_gcc.o"   -o"tm4c123gh6pm_startup_ccs_gcc.o" "../tm4c123gh6pm_startup_ccs_gcc.c"
Finished building: "../tm4c123gh6pm_startup_ccs_gcc.c"
 
Building target: "lesson.out"
Invoking: GNU Linker
"C:/ti/ccs/tools/compiler/gcc-arm-none-eabi-9-2019-q4-major/bin/arm-none-eabi-gcc-9.2.1.exe" -mfpu=fpv4-sp-d16 -DPART_TM4C123GH6PM -Og -ffunction-sections -fdata-sections -g -gdwarf-3 -gstrict-dwarf -Wall -mcpu=cortex-m4 -Wl,-Map,"lesson.map" -mfpu=fpv4-sp-d16 -DPART_TM4C123GH6PM -Og -ffunction-sections -fdata-sections -g -gdwarf-3 -gstrict-dwarf -Wall -mcpu=cortex-m4 -o"lesson.out" "./main.o" "./tm4c123gh6pm_startup_ccs_gcc.o" -Wl,-T"../tm4c123gh6pm.lds"  
makefile:135: recipe for target 'lesson.out' failed
c:/ti/ccs/tools/compiler/gcc-arm-none-eabi-9-2019-q4-major/bin/../lib/gcc/arm-none-eabi/9.2.1/../../../../arm-none-eabi/bin/ld.exe: error: ./main.o uses VFP register arguments, lesson.out does not
c:/ti/ccs/tools/compiler/gcc-arm-none-eabi-9-2019-q4-major/bin/../lib/gcc/arm-none-eabi/9.2.1/../../../../arm-none-eabi/bin/ld.exe: failed to merge target specific data of file ./main.o
c:/ti/ccs/tools/compiler/gcc-arm-none-eabi-9-2019-q4-major/bin/../lib/gcc/arm-none-eabi/9.2.1/../../../../arm-none-eabi/bin/ld.exe: error: ./tm4c123gh6pm_startup_ccs_gcc.o uses VFP register arguments, lesson.out does not
c:/ti/ccs/tools/compiler/gcc-arm-none-eabi-9-2019-q4-major/bin/../lib/gcc/arm-none-eabi/9.2.1/../../../../arm-none-eabi/bin/ld.exe: failed to merge target specific data of file ./tm4c123gh6pm_startup_ccs_gcc.o
c:/ti/ccs/tools/compiler/gcc-arm-none-eabi-9-2019-q4-major/bin/../lib/gcc/arm-none-eabi/9.2.1/../../../../arm-none-eabi/bin/ld.exe: c:/ti/ccs/tools/compiler/gcc-arm-none-eabi-9-2019-q4-major/bin/../lib/gcc/arm-none-eabi/9.2.1/../../../../arm-none-eabi/lib/thumb/v7e-m/nofp\libg.a(lib_a-exit.o): in function `exit':
exit.c:(.text.exit+0x16): undefined reference to `_exit'
collect2.exe: error: ld returned 1 exit status
gmake[1]: *** [lesson.out] Error 1
gmake: *** [all] Error 2
makefile:131: recipe for target 'all' failed

**** Build Finished ****

**** Build of configuration Debug for project lesson ****

"C:\\ti\\ccs\\utils\\bin\\gmake" -k -j 12 all -O 
 
Building target: "lesson.out"
Invoking: GNU Linker
"C:/ti/ccs/tools/compiler/gcc-arm-none-eabi-9-2019-q4-major/bin/arm-none-eabi-gcc-9.2.1.exe" -mfpu=fpv4-sp-d16 -DPART_TM4C123GH6PM -Og -ffunction-sections -fdata-sections -g -gdwarf-3 -gstrict-dwarf -Wall -mcpu=cortex-m4 -Wl,-Map,"lesson.map" -mcpu=cortex-m4 -march=armv7e-m -mthumb -mfloat-abi=hard -mfpu=fpv4-sp-d16 -DPART_TM4C123GH6PM -Og -ffunction-sections -fdata-sections -g -gdwarf-3 -gstrict-dwarf -Wall -o"lesson.out" "./main.o" "./tm4c123gh6pm_startup_ccs_gcc.o" -Wl,-T"../tm4c123gh6pm.lds"  
makefile:135: recipe for target 'lesson.out' failed
c:/ti/ccs/tools/compiler/gcc-arm-none-eabi-9-2019-q4-major/bin/../lib/gcc/arm-none-eabi/9.2.1/../../../../arm-none-eabi/bin/ld.exe: c:/ti/ccs/tools/compiler/gcc-arm-none-eabi-9-2019-q4-major/bin/../lib/gcc/arm-none-eabi/9.2.1/../../../../arm-none-eabi/lib/thumb/v7e-m+fp/hard\libg.a(lib_a-exit.o): in function `exit':
exit.c:(.text.exit+0x16): undefined reference to `_exit'
collect2.exe: error: ld returned 1 exit status
gmake[1]: *** [lesson.out] Error 1
gmake: *** [all] Error 2
makefile:131: recipe for target 'all' failed

**** Build Finished ****

**** Build of configuration Debug for project lesson ****

"C:\\ti\\ccs\\utils\\bin\\gmake" -k -j 12 all -O 
 
Building file: "../main.c"
Invoking: GNU Compiler
"C:/ti/ccs/tools/compiler/gcc-arm-none-eabi-9-2019-q4-major/bin/arm-none-eabi-gcc-9.2.1.exe" -c -mcpu=cortex-m4 -march=armv7e-m -mthumb -mfloat-abi=hard -mfpu=fpv4-sp-d16 -DPART_TM4C123GH6PM -I"D:/E Drive/E drive/Embedded/modern_embedded_systems/my_work/lessons/lesson19" -I"C:/ti/ccs/tools/compiler/gcc-arm-none-eabi-9-2019-q4-major/arm-none-eabi/include" -Og -ffunction-sections -fdata-sections -g -gdwarf-3 -gstrict-dwarf -Wall -MMD -MP -MF"main.d_raw" -MT"main.o"   -o"main.o" "../main.c"
Finished building: "../main.c"
 
Building file: "../tm4c123gh6pm_startup_ccs_gcc.c"
Invoking: GNU Compiler
"C:/ti/ccs/tools/compiler/gcc-arm-none-eabi-9-2019-q4-major/bin/arm-none-eabi-gcc-9.2.1.exe" -c -mcpu=cortex-m4 -march=armv7e-m -mthumb -mfloat-abi=hard -mfpu=fpv4-sp-d16 -DPART_TM4C123GH6PM -I"D:/E Drive/E drive/Embedded/modern_embedded_systems/my_work/lessons/lesson19" -I"C:/ti/ccs/tools/compiler/gcc-arm-none-eabi-9-2019-q4-major/arm-none-eabi/include" -Og -ffunction-sections -fdata-sections -g -gdwarf-3 -gstrict-dwarf -Wall -MMD -MP -MF"tm4c123gh6pm_startup_ccs_gcc.d_raw" -MT"tm4c123gh6pm_startup_ccs_gcc.o"   -o"tm4c123gh6pm_startup_ccs_gcc.o" "../tm4c123gh6pm_startup_ccs_gcc.c"
Finished building: "../tm4c123gh6pm_startup_ccs_gcc.c"
 
Building target: "lesson.out"
Invoking: GNU Linker
"C:/ti/ccs/tools/compiler/gcc-arm-none-eabi-9-2019-q4-major/bin/arm-none-eabi-gcc-9.2.1.exe" -mfpu=fpv4-sp-d16 -DPART_TM4C123GH6PM -Og -ffunction-sections -fdata-sections -g -gdwarf-3 -gstrict-dwarf -Wall -mcpu=cortex-m4 -mcpu=cortex-m4 -march=armv7e-m -mthumb -mfloat-abi=hard -mfpu=fpv4-sp-d16 -DPART_TM4C123GH6PM -I"D:/E Drive/E drive/Embedded/modern_embedded_systems/my_work/lessons/lesson19" -I"C:/ti/ccs/tools/compiler/gcc-arm-none-eabi-9-2019-q4-major/arm-none-eabi/include" -Og -ffunction-sections -fdata-sections -g -gdwarf-3 -gstrict-dwarf -Wall -o"lesson.out" "./main.o" "./tm4c123gh6pm_startup_ccs_gcc.o" -Wl,-T"../tm4c123gh6pm.lds"  
makefile:135: recipe for target 'lesson.out' failed
c:/ti/ccs/tools/compiler/gcc-arm-none-eabi-9-2019-q4-major/bin/../lib/gcc/arm-none-eabi/9.2.1/../../../../arm-none-eabi/bin/ld.exe: c:/ti/ccs/tools/compiler/gcc-arm-none-eabi-9-2019-q4-major/bin/../lib/gcc/arm-none-eabi/9.2.1/../../../../arm-none-eabi/lib/thumb/v7e-m+fp/hard\libg.a(lib_a-exit.o): in function `exit':
exit.c:(.text.exit+0x16): undefined reference to `_exit'
collect2.exe: error: ld returned 1 exit status
gmake[1]: *** [lesson.out] Error 1
gmake: *** [all] Error 2
makefile:131: recipe for target 'all' failed

**** Build Finished ****

**** Build of configuration Debug for project lesson ****

"C:\\ti\\ccs\\utils\\bin\\gmake" -k -j 12 all -O 
 
Building target: "lesson.out"
Invoking: GNU Linker
"C:/ti/ccs/tools/compiler/gcc-arm-none-eabi-9-2019-q4-major/bin/arm-none-eabi-gcc-9.2.1.exe" -mfpu=fpv4-sp-d16 -DPART_TM4C123GH6PM -Og -ffunction-sections -fdata-sections -g -gdwarf-3 -gstrict-dwarf -Wall -mcpu=cortex-m4 -mcpu=cortex-m4 -march=armv7e-m -mthumb -mfloat-abi=hard -mfpu=fpv4-sp-d16 -DPART_TM4C123GH6PM -I"D:/E Drive/E drive/Embedded/modern_embedded_systems/my_work/lessons/lesson19" -I"C:/ti/ccs/tools/compiler/gcc-arm-none-eabi-9-2019-q4-major/arm-none-eabi/include" -Og -ffunction-sections -fdata-sections -g -gdwarf-3 -gstrict-dwarf -Wall -specs=nosys.specs -o"lesson.out" "./main.o" "./tm4c123gh6pm_startup_ccs_gcc.o" -Wl,-T"../tm4c123gh6pm.lds"  
Finished building target: "lesson.out"
 

**** Build Finished ****

**** Build of configuration Debug for project lesson ****

"C:\\ti\\ccs\\utils\\bin\\gmake" -k -j 12 all -O 
 
gmake[1]: 'lesson.out' is up to date.

**** Build Finished ****

**** Build of configuration Debug for project lesson ****

"C:\\ti\\ccs\\utils\\bin\\gmake" -k -j 12 all -O 
 
Building file: "../bsp.c"
Invoking: GNU Compiler
"C:/ti/ccs/tools/compiler/gcc-arm-none-eabi-9-2019-q4-major/bin/arm-none-eabi-gcc-9.2.1.exe" -c -mcpu=cortex-m4 -march=armv7e-m -mthumb -mfloat-abi=hard -mfpu=fpv4-sp-d16 -DPART_TM4C123GH6PM -I"D:/E Drive/E drive/Embedded/modern_embedded_systems/my_work/lessons/lesson19" -I"C:/ti/ccs/tools/compiler/gcc-arm-none-eabi-9-2019-q4-major/arm-none-eabi/include" -Og -ffunction-sections -fdata-sections -g -gdwarf-3 -gstrict-dwarf -Wall -MMD -MP -MF"bsp.d_raw" -MT"bsp.o"   -o"bsp.o" "../bsp.c"
subdir_rules.mk:9: recipe for target 'bsp.o' failed
In file included from ../bsp.c:2:
../TM4C123GH6PM.h:316:10: fatal error: core_cm4.h: No such file or directory
  316 | #include "core_cm4.h"                               /*!< Cortex-M4 processor and core peripherals                              */
      |          ^~~~~~~~~~~~
compilation terminated.
gmake: *** [bsp.o] Error 1
Building file: "../main.c"
Invoking: GNU Compiler
"C:/ti/ccs/tools/compiler/gcc-arm-none-eabi-9-2019-q4-major/bin/arm-none-eabi-gcc-9.2.1.exe" -c -mcpu=cortex-m4 -march=armv7e-m -mthumb -mfloat-abi=hard -mfpu=fpv4-sp-d16 -DPART_TM4C123GH6PM -I"D:/E Drive/E drive/Embedded/modern_embedded_systems/my_work/lessons/lesson19" -I"C:/ti/ccs/tools/compiler/gcc-arm-none-eabi-9-2019-q4-major/arm-none-eabi/include" -Og -ffunction-sections -fdata-sections -g -gdwarf-3 -gstrict-dwarf -Wall -MMD -MP -MF"main.d_raw" -MT"main.o"   -o"main.o" "../main.c"
subdir_rules.mk:9: recipe for target 'main.o' failed
In file included from ../main.c:1:
../TM4C123GH6PM.h:316:10: fatal error: core_cm4.h: No such file or directory
  316 | #include "core_cm4.h"                               /*!< Cortex-M4 processor and core peripherals                              */
      |          ^~~~~~~~~~~~
compilation terminated.
gmake: *** [main.o] Error 1
Building file: "../startup_tm4c.c"
Invoking: GNU Compiler
"C:/ti/ccs/tools/compiler/gcc-arm-none-eabi-9-2019-q4-major/bin/arm-none-eabi-gcc-9.2.1.exe" -c -mcpu=cortex-m4 -march=armv7e-m -mthumb -mfloat-abi=hard -mfpu=fpv4-sp-d16 -DPART_TM4C123GH6PM -I"D:/E Drive/E drive/Embedded/modern_embedded_systems/my_work/lessons/lesson19" -I"C:/ti/ccs/tools/compiler/gcc-arm-none-eabi-9-2019-q4-major/arm-none-eabi/include" -Og -ffunction-sections -fdata-sections -g -gdwarf-3 -gstrict-dwarf -Wall -MMD -MP -MF"startup_tm4c.d_raw" -MT"startup_tm4c.o"   -o"startup_tm4c.o" "../startup_tm4c.c"
subdir_rules.mk:9: recipe for target 'startup_tm4c.o' failed
In file included from ../startup_tm4c.c:2:
../TM4C123GH6PM.h:316:10: fatal error: core_cm4.h: No such file or directory
  316 | #include "core_cm4.h"                               /*!< Cortex-M4 processor and core peripherals                              */
      |          ^~~~~~~~~~~~
compilation terminated.
gmake: *** [startup_tm4c.o] Error 1
gmake: Target 'all' not remade because of errors.

**** Build Finished ****

**** Build of configuration Debug for project lesson ****

"C:\\ti\\ccs\\utils\\bin\\gmake" -k -j 12 all -O 
 
Building file: "../main.c"
Invoking: GNU Compiler
"C:/ti/ccs/tools/compiler/gcc-arm-none-eabi-9-2019-q4-major/bin/arm-none-eabi-gcc-9.2.1.exe" -c -mcpu=cortex-m4 -march=armv7e-m -mthumb -mfloat-abi=hard -mfpu=fpv4-sp-d16 -DPART_TM4C123GH6PM -I"D:/E Drive/E drive/Embedded/modern_embedded_systems/my_work/lessons/lesson19" -I"D:/E Drive/E drive/Embedded/modern_embedded_systems/my_work/lessons/Includes/CMSIS" -I"C:/ti/ccs/tools/compiler/gcc-arm-none-eabi-9-2019-q4-major/arm-none-eabi/include" -Og -ffunction-sections -fdata-sections -g -gdwarf-3 -gstrict-dwarf -Wall -MMD -MP -MF"main.d_raw" -MT"main.o"   -o"main.o" "../main.c"
subdir_rules.mk:9: recipe for target 'main.o' failed
In file included from ../main.c:1:
../TM4C123GH6PM.h:316:10: fatal error: core_cm4.h: No such file or directory
  316 | #include "core_cm4.h"                               /*!< Cortex-M4 processor and core peripherals                              */
      |          ^~~~~~~~~~~~
compilation terminated.
gmake: *** [main.o] Error 1
Building file: "../bsp.c"
Invoking: GNU Compiler
"C:/ti/ccs/tools/compiler/gcc-arm-none-eabi-9-2019-q4-major/bin/arm-none-eabi-gcc-9.2.1.exe" -c -mcpu=cortex-m4 -march=armv7e-m -mthumb -mfloat-abi=hard -mfpu=fpv4-sp-d16 -DPART_TM4C123GH6PM -I"D:/E Drive/E drive/Embedded/modern_embedded_systems/my_work/lessons/lesson19" -I"D:/E Drive/E drive/Embedded/modern_embedded_systems/my_work/lessons/Includes/CMSIS" -I"C:/ti/ccs/tools/compiler/gcc-arm-none-eabi-9-2019-q4-major/arm-none-eabi/include" -Og -ffunction-sections -fdata-sections -g -gdwarf-3 -gstrict-dwarf -Wall -MMD -MP -MF"bsp.d_raw" -MT"bsp.o"   -o"bsp.o" "../bsp.c"
subdir_rules.mk:9: recipe for target 'bsp.o' failed
In file included from ../bsp.c:2:
../TM4C123GH6PM.h:316:10: fatal error: core_cm4.h: No such file or directory
  316 | #include "core_cm4.h"                               /*!< Cortex-M4 processor and core peripherals                              */
      |          ^~~~~~~~~~~~
compilation terminated.
gmake: *** [bsp.o] Error 1
Building file: "../startup_tm4c.c"
Invoking: GNU Compiler
"C:/ti/ccs/tools/compiler/gcc-arm-none-eabi-9-2019-q4-major/bin/arm-none-eabi-gcc-9.2.1.exe" -c -mcpu=cortex-m4 -march=armv7e-m -mthumb -mfloat-abi=hard -mfpu=fpv4-sp-d16 -DPART_TM4C123GH6PM -I"D:/E Drive/E drive/Embedded/modern_embedded_systems/my_work/lessons/lesson19" -I"D:/E Drive/E drive/Embedded/modern_embedded_systems/my_work/lessons/Includes/CMSIS" -I"C:/ti/ccs/tools/compiler/gcc-arm-none-eabi-9-2019-q4-major/arm-none-eabi/include" -Og -ffunction-sections -fdata-sections -g -gdwarf-3 -gstrict-dwarf -Wall -MMD -MP -MF"startup_tm4c.d_raw" -MT"startup_tm4c.o"   -o"startup_tm4c.o" "../startup_tm4c.c"
subdir_rules.mk:9: recipe for target 'startup_tm4c.o' failed
In file included from ../startup_tm4c.c:2:
../TM4C123GH6PM.h:316:10: fatal error: core_cm4.h: No such file or directory
  316 | #include "core_cm4.h"                               /*!< Cortex-M4 processor and core peripherals                              */
      |          ^~~~~~~~~~~~
compilation terminated.
gmake: *** [startup_tm4c.o] Error 1
gmake: Target 'all' not remade because of errors.

**** Build Finished ****

**** Build of configuration Debug for project lesson ****

"C:\\ti\\ccs\\utils\\bin\\gmake" -k -j 12 all -O 
 
Building file: "../bsp.c"
Invoking: GNU Compiler
"C:/ti/ccs/tools/compiler/gcc-arm-none-eabi-9-2019-q4-major/bin/arm-none-eabi-gcc-9.2.1.exe" -c -mcpu=cortex-m4 -march=armv7e-m -mthumb -mfloat-abi=hard -mfpu=fpv4-sp-d16 -DPART_TM4C123GH6PM -I"D:/E Drive/E drive/Embedded/modern_embedded_systems/my_work/lessons/lesson19" -I"D:/E Drive/E drive/Embedded/modern_embedded_systems/my_work/lessons/Includes/CMSIS" -I"C:/ti/ccs/tools/compiler/gcc-arm-none-eabi-9-2019-q4-major/arm-none-eabi/include" -Og -ffunction-sections -fdata-sections -g -gdwarf-3 -gstrict-dwarf -Wall -MMD -MP -MF"bsp.d_raw" -MT"bsp.o"   -o"bsp.o" "../bsp.c"
subdir_rules.mk:9: recipe for target 'bsp.o' failed
In file included from ../bsp.c:2:
../TM4C123GH6PM.h:316:10: fatal error: core_cm4.h: No such file or directory
  316 | #include "core_cm4.h"                               /*!< Cortex-M4 processor and core peripherals                              */
      |          ^~~~~~~~~~~~
compilation terminated.
gmake: *** [bsp.o] Error 1
Building file: "../main.c"
Invoking: GNU Compiler
"C:/ti/ccs/tools/compiler/gcc-arm-none-eabi-9-2019-q4-major/bin/arm-none-eabi-gcc-9.2.1.exe" -c -mcpu=cortex-m4 -march=armv7e-m -mthumb -mfloat-abi=hard -mfpu=fpv4-sp-d16 -DPART_TM4C123GH6PM -I"D:/E Drive/E drive/Embedded/modern_embedded_systems/my_work/lessons/lesson19" -I"D:/E Drive/E drive/Embedded/modern_embedded_systems/my_work/lessons/Includes/CMSIS" -I"C:/ti/ccs/tools/compiler/gcc-arm-none-eabi-9-2019-q4-major/arm-none-eabi/include" -Og -ffunction-sections -fdata-sections -g -gdwarf-3 -gstrict-dwarf -Wall -MMD -MP -MF"main.d_raw" -MT"main.o"   -o"main.o" "../main.c"
subdir_rules.mk:9: recipe for target 'main.o' failed
In file included from ../main.c:1:
../TM4C123GH6PM.h:316:10: fatal error: core_cm4.h: No such file or directory
  316 | #include "core_cm4.h"                               /*!< Cortex-M4 processor and core peripherals                              */
      |          ^~~~~~~~~~~~
compilation terminated.
gmake: *** [main.o] Error 1
Building file: "../startup_tm4c.c"
Invoking: GNU Compiler
"C:/ti/ccs/tools/compiler/gcc-arm-none-eabi-9-2019-q4-major/bin/arm-none-eabi-gcc-9.2.1.exe" -c -mcpu=cortex-m4 -march=armv7e-m -mthumb -mfloat-abi=hard -mfpu=fpv4-sp-d16 -DPART_TM4C123GH6PM -I"D:/E Drive/E drive/Embedded/modern_embedded_systems/my_work/lessons/lesson19" -I"D:/E Drive/E drive/Embedded/modern_embedded_systems/my_work/lessons/Includes/CMSIS" -I"C:/ti/ccs/tools/compiler/gcc-arm-none-eabi-9-2019-q4-major/arm-none-eabi/include" -Og -ffunction-sections -fdata-sections -g -gdwarf-3 -gstrict-dwarf -Wall -MMD -MP -MF"startup_tm4c.d_raw" -MT"startup_tm4c.o"   -o"startup_tm4c.o" "../startup_tm4c.c"
subdir_rules.mk:9: recipe for target 'startup_tm4c.o' failed
In file included from ../startup_tm4c.c:2:
../TM4C123GH6PM.h:316:10: fatal error: core_cm4.h: No such file or directory
  316 | #include "core_cm4.h"                               /*!< Cortex-M4 processor and core peripherals                              */
      |          ^~~~~~~~~~~~
compilation terminated.
gmake: *** [startup_tm4c.o] Error 1
gmake: Target 'all' not remade because of errors.

**** Build Finished ****

**** Build of configuration Debug for project lesson ****

"C:\\ti\\ccs\\utils\\bin\\gmake" -k -j 12 all -O 
 
Building file: "../bsp.c"
Invoking: GNU Compiler
"C:/ti/ccs/tools/compiler/gcc-arm-none-eabi-9-2019-q4-major/bin/arm-none-eabi-gcc-9.2.1.exe" -c -mcpu=cortex-m4 -march=armv7e-m -mthumb -mfloat-abi=hard -mfpu=fpv4-sp-d16 -DPART_TM4C123GH6PM -I"D:/E Drive/E drive/Embedded/modern_embedded_systems/my_work/lessons/lesson19" -I"D:/E Drive/E drive/Embedded/modern_embedded_systems/my_work/lessons/lesson19/C:/tools/IAR/arm/src/flashloader/ST/FlashSTM32L4xx_OSPI/STM32L4R9I-DISCO/Includes/CMSIS" -I"C:/ti/ccs/tools/compiler/gcc-arm-none-eabi-9-2019-q4-major/arm-none-eabi/include" -Og -ffunction-sections -fdata-sections -g -gdwarf-3 -gstrict-dwarf -Wall -MMD -MP -MF"bsp.d_raw" -MT"bsp.o"   -o"bsp.o" "../bsp.c"
subdir_rules.mk:9: recipe for target 'bsp.o' failed
In file included from ../bsp.c:2:
../TM4C123GH6PM.h:316:10: fatal error: core_cm4.h: No such file or directory
  316 | #include "core_cm4.h"                               /*!< Cortex-M4 processor and core peripherals                              */
      |          ^~~~~~~~~~~~
compilation terminated.
gmake: *** [bsp.o] Error 1
Building file: "../main.c"
Invoking: GNU Compiler
"C:/ti/ccs/tools/compiler/gcc-arm-none-eabi-9-2019-q4-major/bin/arm-none-eabi-gcc-9.2.1.exe" -c -mcpu=cortex-m4 -march=armv7e-m -mthumb -mfloat-abi=hard -mfpu=fpv4-sp-d16 -DPART_TM4C123GH6PM -I"D:/E Drive/E drive/Embedded/modern_embedded_systems/my_work/lessons/lesson19" -I"D:/E Drive/E drive/Embedded/modern_embedded_systems/my_work/lessons/lesson19/C:/tools/IAR/arm/src/flashloader/ST/FlashSTM32L4xx_OSPI/STM32L4R9I-DISCO/Includes/CMSIS" -I"C:/ti/ccs/tools/compiler/gcc-arm-none-eabi-9-2019-q4-major/arm-none-eabi/include" -Og -ffunction-sections -fdata-sections -g -gdwarf-3 -gstrict-dwarf -Wall -MMD -MP -MF"main.d_raw" -MT"main.o"   -o"main.o" "../main.c"
subdir_rules.mk:9: recipe for target 'main.o' failed
In file included from ../main.c:1:
../TM4C123GH6PM.h:316:10: fatal error: core_cm4.h: No such file or directory
  316 | #include "core_cm4.h"                               /*!< Cortex-M4 processor and core peripherals                              */
      |          ^~~~~~~~~~~~
compilation terminated.
gmake: *** [main.o] Error 1
Building file: "../startup_tm4c.c"
Invoking: GNU Compiler
"C:/ti/ccs/tools/compiler/gcc-arm-none-eabi-9-2019-q4-major/bin/arm-none-eabi-gcc-9.2.1.exe" -c -mcpu=cortex-m4 -march=armv7e-m -mthumb -mfloat-abi=hard -mfpu=fpv4-sp-d16 -DPART_TM4C123GH6PM -I"D:/E Drive/E drive/Embedded/modern_embedded_systems/my_work/lessons/lesson19" -I"D:/E Drive/E drive/Embedded/modern_embedded_systems/my_work/lessons/lesson19/C:/tools/IAR/arm/src/flashloader/ST/FlashSTM32L4xx_OSPI/STM32L4R9I-DISCO/Includes/CMSIS" -I"C:/ti/ccs/tools/compiler/gcc-arm-none-eabi-9-2019-q4-major/arm-none-eabi/include" -Og -ffunction-sections -fdata-sections -g -gdwarf-3 -gstrict-dwarf -Wall -MMD -MP -MF"startup_tm4c.d_raw" -MT"startup_tm4c.o"   -o"startup_tm4c.o" "../startup_tm4c.c"
subdir_rules.mk:9: recipe for target 'startup_tm4c.o' failed
In file included from ../startup_tm4c.c:2:
../TM4C123GH6PM.h:316:10: fatal error: core_cm4.h: No such file or directory
  316 | #include "core_cm4.h"                               /*!< Cortex-M4 processor and core peripherals                              */
      |          ^~~~~~~~~~~~
compilation terminated.
gmake: *** [startup_tm4c.o] Error 1
gmake: Target 'all' not remade because of errors.

**** Build Finished ****

**** Build of configuration Debug for project lesson ****

"C:\\ti\\ccs\\utils\\bin\\gmake" -k -j 12 all -O 
 
Building file: "../bsp.c"
Invoking: GNU Compiler
"C:/ti/ccs/tools/compiler/gcc-arm-none-eabi-9-2019-q4-major/bin/arm-none-eabi-gcc-9.2.1.exe" -c -mcpu=cortex-m4 -march=armv7e-m -mthumb -mfloat-abi=hard -mfpu=fpv4-sp-d16 -DPART_TM4C123GH6PM -I"D:/E Drive/E drive/Embedded/modern_embedded_systems/my_work/lessons/lesson19" -I"D:/E Drive/E drive/Embedded/modern_embedded_systems/my_work/lessons/experiment/CMSIS" -I"C:/ti/ccs/tools/compiler/gcc-arm-none-eabi-9-2019-q4-major/arm-none-eabi/include" -Og -ffunction-sections -fdata-sections -g -gdwarf-3 -gstrict-dwarf -Wall -MMD -MP -MF"bsp.d_raw" -MT"bsp.o"   -o"bsp.o" "../bsp.c"
subdir_rules.mk:9: recipe for target 'bsp.o' failed
../bsp.c:6:12: error: expected ';' before 'void'
    6 | __stackless void assert_failed (char const *file, int line) {
      |            ^~~~~
      |            ;
gmake: *** [bsp.o] Error 1
Building file: "../startup_tm4c.c"
Invoking: GNU Compiler
"C:/ti/ccs/tools/compiler/gcc-arm-none-eabi-9-2019-q4-major/bin/arm-none-eabi-gcc-9.2.1.exe" -c -mcpu=cortex-m4 -march=armv7e-m -mthumb -mfloat-abi=hard -mfpu=fpv4-sp-d16 -DPART_TM4C123GH6PM -I"D:/E Drive/E drive/Embedded/modern_embedded_systems/my_work/lessons/lesson19" -I"D:/E Drive/E drive/Embedded/modern_embedded_systems/my_work/lessons/experiment/CMSIS" -I"C:/ti/ccs/tools/compiler/gcc-arm-none-eabi-9-2019-q4-major/arm-none-eabi/include" -Og -ffunction-sections -fdata-sections -g -gdwarf-3 -gstrict-dwarf -Wall -MMD -MP -MF"startup_tm4c.d_raw" -MT"startup_tm4c.o"   -o"startup_tm4c.o" "../startup_tm4c.c"
subdir_rules.mk:9: recipe for target 'startup_tm4c.o' failed
../startup_tm4c.c:10:28: error: stray '@' in program
   10 | int const __vector_table[] @ ".intvec" = {
      |                            ^
../startup_tm4c.c:10:30: error: expected '=', ',', ';', 'asm' or '__attribute__' before string constant
   10 | int const __vector_table[] @ ".intvec" = {
      |                              ^~~~~~~~~
../startup_tm4c.c:171:12: error: expected ';' before 'void'
  171 | __stackless void HardFault_Handler(void) {
      |            ^~~~~
      |            ;
../startup_tm4c.c:175:12: error: expected ';' before 'void'
  175 | __stackless void NMI_Handler(void) {
      |            ^~~~~
      |            ;
../startup_tm4c.c:179:12: error: expected ';' before 'void'
  179 | __stackless void MemManage_Handler(void) {
      |            ^~~~~
      |            ;
../startup_tm4c.c:183:12: error: expected ';' before 'void'
  183 | __stackless void BusFault_Handler(void) {
      |            ^~~~~
      |            ;
../startup_tm4c.c:187:12: error: expected ';' before 'void'
  187 | __stackless void UsageFault_Handler(void) {
      |            ^~~~~
      |            ;
../startup_tm4c.c:191:12: error: expected ';' before 'void'
  191 | __stackless void Unused_Handler(void) {
      |            ^~~~~
      |            ;
gmake: *** [startup_tm4c.o] Error 1
Building file: "../main.c"
Invoking: GNU Compiler
"C:/ti/ccs/tools/compiler/gcc-arm-none-eabi-9-2019-q4-major/bin/arm-none-eabi-gcc-9.2.1.exe" -c -mcpu=cortex-m4 -march=armv7e-m -mthumb -mfloat-abi=hard -mfpu=fpv4-sp-d16 -DPART_TM4C123GH6PM -I"D:/E Drive/E drive/Embedded/modern_embedded_systems/my_work/lessons/lesson19" -I"D:/E Drive/E drive/Embedded/modern_embedded_systems/my_work/lessons/experiment/CMSIS" -I"C:/ti/ccs/tools/compiler/gcc-arm-none-eabi-9-2019-q4-major/arm-none-eabi/include" -Og -ffunction-sections -fdata-sections -g -gdwarf-3 -gstrict-dwarf -Wall -MMD -MP -MF"main.d_raw" -MT"main.o"   -o"main.o" "../main.c"
../main.c: In function 'main':
../main.c:34:2: warning: implicit declaration of function '__iar_builtin_enable_interrupt' [-Wimplicit-function-declaration]
   34 |  __iar_builtin_enable_interrupt();
      |  ^~~~~~~~~~~~~~~~~~~~~~~~~~~~~~
Finished building: "../main.c"
 
gmake: Target 'all' not remade because of errors.

**** Build Finished ****

**** Build of configuration Debug for project lesson ****

"C:\\ti\\ccs\\utils\\bin\\gmake" -k -j 12 all -O 
 
Building file: "../bsp.c"
Invoking: GNU Compiler
"C:/ti/ccs/tools/compiler/gcc-arm-none-eabi-9-2019-q4-major/bin/arm-none-eabi-gcc-9.2.1.exe" -c -mcpu=cortex-m4 -march=armv7e-m -mthumb -mfloat-abi=hard -mfpu=fpv4-sp-d16 -DPART_TM4C123GH6PM -I"D:/E Drive/E drive/Embedded/modern_embedded_systems/my_work/lessons/lesson19" -I"D:/E Drive/E drive/Embedded/modern_embedded_systems/my_work/lessons/CMSIS" -I"C:/ti/ccs/tools/compiler/gcc-arm-none-eabi-9-2019-q4-major/arm-none-eabi/include" -Og -ffunction-sections -fdata-sections -g -gdwarf-3 -gstrict-dwarf -Wall -MMD -MP -MF"bsp.d_raw" -MT"bsp.o"   -o"bsp.o" "../bsp.c"
subdir_rules.mk:9: recipe for target 'bsp.o' failed
../bsp.c:6:12: error: expected ';' before 'void'
    6 | __stackless void assert_failed (char const *file, int line) {
      |            ^~~~~
      |            ;
gmake: *** [bsp.o] Error 1
Building file: "../startup_tm4c.c"
Invoking: GNU Compiler
"C:/ti/ccs/tools/compiler/gcc-arm-none-eabi-9-2019-q4-major/bin/arm-none-eabi-gcc-9.2.1.exe" -c -mcpu=cortex-m4 -march=armv7e-m -mthumb -mfloat-abi=hard -mfpu=fpv4-sp-d16 -DPART_TM4C123GH6PM -I"D:/E Drive/E drive/Embedded/modern_embedded_systems/my_work/lessons/lesson19" -I"D:/E Drive/E drive/Embedded/modern_embedded_systems/my_work/lessons/CMSIS" -I"C:/ti/ccs/tools/compiler/gcc-arm-none-eabi-9-2019-q4-major/arm-none-eabi/include" -Og -ffunction-sections -fdata-sections -g -gdwarf-3 -gstrict-dwarf -Wall -MMD -MP -MF"startup_tm4c.d_raw" -MT"startup_tm4c.o"   -o"startup_tm4c.o" "../startup_tm4c.c"
subdir_rules.mk:9: recipe for target 'startup_tm4c.o' failed
../startup_tm4c.c:10:28: error: stray '@' in program
   10 | int const __vector_table[] @ ".intvec" = {
      |                            ^
../startup_tm4c.c:10:30: error: expected '=', ',', ';', 'asm' or '__attribute__' before string constant
   10 | int const __vector_table[] @ ".intvec" = {
      |                              ^~~~~~~~~
../startup_tm4c.c:171:12: error: expected ';' before 'void'
  171 | __stackless void HardFault_Handler(void) {
      |            ^~~~~
      |            ;
../startup_tm4c.c:175:12: error: expected ';' before 'void'
  175 | __stackless void NMI_Handler(void) {
      |            ^~~~~
      |            ;
../startup_tm4c.c:179:12: error: expected ';' before 'void'
  179 | __stackless void MemManage_Handler(void) {
      |            ^~~~~
      |            ;
../startup_tm4c.c:183:12: error: expected ';' before 'void'
  183 | __stackless void BusFault_Handler(void) {
      |            ^~~~~
      |            ;
../startup_tm4c.c:187:12: error: expected ';' before 'void'
  187 | __stackless void UsageFault_Handler(void) {
      |            ^~~~~
      |            ;
../startup_tm4c.c:191:12: error: expected ';' before 'void'
  191 | __stackless void Unused_Handler(void) {
      |            ^~~~~
      |            ;
gmake: *** [startup_tm4c.o] Error 1
Building file: "../main.c"
Invoking: GNU Compiler
"C:/ti/ccs/tools/compiler/gcc-arm-none-eabi-9-2019-q4-major/bin/arm-none-eabi-gcc-9.2.1.exe" -c -mcpu=cortex-m4 -march=armv7e-m -mthumb -mfloat-abi=hard -mfpu=fpv4-sp-d16 -DPART_TM4C123GH6PM -I"D:/E Drive/E drive/Embedded/modern_embedded_systems/my_work/lessons/lesson19" -I"D:/E Drive/E drive/Embedded/modern_embedded_systems/my_work/lessons/CMSIS" -I"C:/ti/ccs/tools/compiler/gcc-arm-none-eabi-9-2019-q4-major/arm-none-eabi/include" -Og -ffunction-sections -fdata-sections -g -gdwarf-3 -gstrict-dwarf -Wall -MMD -MP -MF"main.d_raw" -MT"main.o"   -o"main.o" "../main.c"
../main.c: In function 'main':
../main.c:34:2: warning: implicit declaration of function '__iar_builtin_enable_interrupt' [-Wimplicit-function-declaration]
   34 |  __iar_builtin_enable_interrupt();
      |  ^~~~~~~~~~~~~~~~~~~~~~~~~~~~~~
Finished building: "../main.c"
 
gmake: Target 'all' not remade because of errors.

**** Build Finished ****

**** Build of configuration Debug for project lesson ****

"C:\\ti\\ccs\\utils\\bin\\gmake" -k -j 12 all -O 
 
Building file: "../bsp.c"
Invoking: GNU Compiler
"C:/ti/ccs/tools/compiler/gcc-arm-none-eabi-9-2019-q4-major/bin/arm-none-eabi-gcc-9.2.1.exe" -c -mcpu=cortex-m4 -march=armv7e-m -mthumb -mfloat-abi=hard -mfpu=fpv4-sp-d16 -DPART_TM4C123GH6PM -I"D:/E Drive/E drive/Embedded/modern_embedded_systems/my_work/lessons/lesson19" -I"D:/E Drive/E drive/Embedded/modern_embedded_systems/my_work/lessons/CMSIS" -I"C:/ti/ccs/tools/compiler/gcc-arm-none-eabi-9-2019-q4-major/arm-none-eabi/include" -Og -ffunction-sections -fdata-sections -g -gdwarf-3 -gstrict-dwarf -Wall -MMD -MP -MF"bsp.d_raw" -MT"bsp.o"   -o"bsp.o" "../bsp.c"
subdir_rules.mk:9: recipe for target 'bsp.o' failed
../bsp.c:6:12: error: expected ';' before 'void'
    6 | __stackless void assert_failed (char const *file, int line) {
      |            ^~~~~
      |            ;
gmake: *** [bsp.o] Error 1
Building file: "../startup_tm4c.c"
Invoking: GNU Compiler
"C:/ti/ccs/tools/compiler/gcc-arm-none-eabi-9-2019-q4-major/bin/arm-none-eabi-gcc-9.2.1.exe" -c -mcpu=cortex-m4 -march=armv7e-m -mthumb -mfloat-abi=hard -mfpu=fpv4-sp-d16 -DPART_TM4C123GH6PM -I"D:/E Drive/E drive/Embedded/modern_embedded_systems/my_work/lessons/lesson19" -I"D:/E Drive/E drive/Embedded/modern_embedded_systems/my_work/lessons/CMSIS" -I"C:/ti/ccs/tools/compiler/gcc-arm-none-eabi-9-2019-q4-major/arm-none-eabi/include" -Og -ffunction-sections -fdata-sections -g -gdwarf-3 -gstrict-dwarf -Wall -MMD -MP -MF"startup_tm4c.d_raw" -MT"startup_tm4c.o"   -o"startup_tm4c.o" "../startup_tm4c.c"
subdir_rules.mk:9: recipe for target 'startup_tm4c.o' failed
../startup_tm4c.c:10:28: error: stray '@' in program
   10 | int const __vector_table[] @ ".intvec" = {
      |                            ^
../startup_tm4c.c:10:30: error: expected '=', ',', ';', 'asm' or '__attribute__' before string constant
   10 | int const __vector_table[] @ ".intvec" = {
      |                              ^~~~~~~~~
../startup_tm4c.c:171:12: error: expected ';' before 'void'
  171 | __stackless void HardFault_Handler(void) {
      |            ^~~~~
      |            ;
../startup_tm4c.c:175:12: error: expected ';' before 'void'
  175 | __stackless void NMI_Handler(void) {
      |            ^~~~~
      |            ;
../startup_tm4c.c:179:12: error: expected ';' before 'void'
  179 | __stackless void MemManage_Handler(void) {
      |            ^~~~~
      |            ;
../startup_tm4c.c:183:12: error: expected ';' before 'void'
  183 | __stackless void BusFault_Handler(void) {
      |            ^~~~~
      |            ;
../startup_tm4c.c:187:12: error: expected ';' before 'void'
  187 | __stackless void UsageFault_Handler(void) {
      |            ^~~~~
      |            ;
../startup_tm4c.c:191:12: error: expected ';' before 'void'
  191 | __stackless void Unused_Handler(void) {
      |            ^~~~~
      |            ;
gmake: *** [startup_tm4c.o] Error 1
gmake: Target 'all' not remade because of errors.

**** Build Finished ****

**** Build of configuration Debug for project lesson ****

"C:\\ti\\ccs\\utils\\bin\\gmake" -k -j 12 all -O 
 
Building file: "../bsp.c"
Invoking: GNU Compiler
"C:/ti/ccs/tools/compiler/gcc-arm-none-eabi-9-2019-q4-major/bin/arm-none-eabi-gcc-9.2.1.exe" -c -mcpu=cortex-m4 -march=armv7e-m -mthumb -mfloat-abi=hard -mfpu=fpv4-sp-d16 -DPART_TM4C123GH6PM -I"D:/E Drive/E drive/Embedded/modern_embedded_systems/my_work/lessons/lesson19" -I"D:/E Drive/E drive/Embedded/modern_embedded_systems/my_work/lessons/CMSIS" -I"C:/ti/ccs/tools/compiler/gcc-arm-none-eabi-9-2019-q4-major/arm-none-eabi/include" -Og -ffunction-sections -fdata-sections -g -gdwarf-3 -gstrict-dwarf -Wall -MMD -MP -MF"bsp.d_raw" -MT"bsp.o"   -o"bsp.o" "../bsp.c"
subdir_rules.mk:9: recipe for target 'bsp.o' failed
../bsp.c:6:12: error: expected ';' before 'void'
    6 | __stackless void assert_failed (char const *file, int line) {
      |            ^~~~~
      |            ;
gmake: *** [bsp.o] Error 1
Building file: "../startup_tm4c_gnu.c"
Invoking: GNU Compiler
"C:/ti/ccs/tools/compiler/gcc-arm-none-eabi-9-2019-q4-major/bin/arm-none-eabi-gcc-9.2.1.exe" -c -mcpu=cortex-m4 -march=armv7e-m -mthumb -mfloat-abi=hard -mfpu=fpv4-sp-d16 -DPART_TM4C123GH6PM -I"D:/E Drive/E drive/Embedded/modern_embedded_systems/my_work/lessons/lesson19" -I"D:/E Drive/E drive/Embedded/modern_embedded_systems/my_work/lessons/CMSIS" -I"C:/ti/ccs/tools/compiler/gcc-arm-none-eabi-9-2019-q4-major/arm-none-eabi/include" -Og -ffunction-sections -fdata-sections -g -gdwarf-3 -gstrict-dwarf -Wall -MMD -MP -MF"startup_tm4c_gnu.d_raw" -MT"startup_tm4c_gnu.o"   -o"startup_tm4c_gnu.o" "../startup_tm4c_gnu.c"
Finished building: "../startup_tm4c_gnu.c"
 
gmake: Target 'all' not remade because of errors.

**** Build Finished ****

**** Build of configuration Debug for project lesson ****

"C:\\ti\\ccs\\utils\\bin\\gmake" -k -j 12 all -O 
 
Building file: "../bsp.c"
Invoking: GNU Compiler
"C:/ti/ccs/tools/compiler/gcc-arm-none-eabi-9-2019-q4-major/bin/arm-none-eabi-gcc-9.2.1.exe" -c -mcpu=cortex-m4 -march=armv7e-m -mthumb -mfloat-abi=hard -mfpu=fpv4-sp-d16 -DPART_TM4C123GH6PM -I"D:/E Drive/E drive/Embedded/modern_embedded_systems/my_work/lessons/lesson19" -I"D:/E Drive/E drive/Embedded/modern_embedded_systems/my_work/lessons/CMSIS" -I"C:/ti/ccs/tools/compiler/gcc-arm-none-eabi-9-2019-q4-major/arm-none-eabi/include" -Og -ffunction-sections -fdata-sections -g -gdwarf-3 -gstrict-dwarf -Wall -MMD -MP -MF"bsp.d_raw" -MT"bsp.o"   -o"bsp.o" "../bsp.c"
subdir_rules.mk:9: recipe for target 'bsp.o' failed
../bsp.c:6:12: error: expected ';' before 'void'
    6 | __stackless void assert_failed (char const *file, int line) {
      |            ^~~~~
      |            ;
gmake: *** [bsp.o] Error 1
gmake: Target 'all' not remade because of errors.

**** Build Finished ****

**** Build of configuration Debug for project lesson ****

"C:\\ti\\ccs\\utils\\bin\\gmake" -k -j 12 all -O 
 
Building file: "../bsp.c"
Invoking: GNU Compiler
"C:/ti/ccs/tools/compiler/gcc-arm-none-eabi-9-2019-q4-major/bin/arm-none-eabi-gcc-9.2.1.exe" -c -mcpu=cortex-m4 -march=armv7e-m -mthumb -mfloat-abi=hard -mfpu=fpv4-sp-d16 -DPART_TM4C123GH6PM -I"D:/E Drive/E drive/Embedded/modern_embedded_systems/my_work/lessons/lesson19" -I"D:/E Drive/E drive/Embedded/modern_embedded_systems/my_work/lessons/CMSIS" -I"C:/ti/ccs/tools/compiler/gcc-arm-none-eabi-9-2019-q4-major/arm-none-eabi/include" -Og -ffunction-sections -fdata-sections -g -gdwarf-3 -gstrict-dwarf -Wall -MMD -MP -MF"bsp.d_raw" -MT"bsp.o"   -o"bsp.o" "../bsp.c"
Finished building: "../bsp.c"
 
Building file: "../main.c"
Invoking: GNU Compiler
"C:/ti/ccs/tools/compiler/gcc-arm-none-eabi-9-2019-q4-major/bin/arm-none-eabi-gcc-9.2.1.exe" -c -mcpu=cortex-m4 -march=armv7e-m -mthumb -mfloat-abi=hard -mfpu=fpv4-sp-d16 -DPART_TM4C123GH6PM -I"D:/E Drive/E drive/Embedded/modern_embedded_systems/my_work/lessons/lesson19" -I"D:/E Drive/E drive/Embedded/modern_embedded_systems/my_work/lessons/CMSIS" -I"C:/ti/ccs/tools/compiler/gcc-arm-none-eabi-9-2019-q4-major/arm-none-eabi/include" -Og -ffunction-sections -fdata-sections -g -gdwarf-3 -gstrict-dwarf -Wall -MMD -MP -MF"main.d_raw" -MT"main.o"   -o"main.o" "../main.c"
../main.c: In function 'main':
../main.c:34:2: warning: implicit declaration of function '__iar_builtin_enable_interrupt' [-Wimplicit-function-declaration]
   34 |  __iar_builtin_enable_interrupt();
      |  ^~~~~~~~~~~~~~~~~~~~~~~~~~~~~~
Finished building: "../main.c"
 
Building target: "lesson.out"
Invoking: GNU Linker
"C:/ti/ccs/tools/compiler/gcc-arm-none-eabi-9-2019-q4-major/bin/arm-none-eabi-gcc-9.2.1.exe" -mfpu=fpv4-sp-d16 -DPART_TM4C123GH6PM -Og -ffunction-sections -fdata-sections -g -gdwarf-3 -gstrict-dwarf -Wall -mcpu=cortex-m4 -mcpu=cortex-m4 -march=armv7e-m -mthumb -mfloat-abi=hard -mfpu=fpv4-sp-d16 -DPART_TM4C123GH6PM -I"D:/E Drive/E drive/Embedded/modern_embedded_systems/my_work/lessons/lesson19" -I"C:/ti/ccs/tools/compiler/gcc-arm-none-eabi-9-2019-q4-major/arm-none-eabi/include" -Og -ffunction-sections -fdata-sections -g -gdwarf-3 -gstrict-dwarf -Wall -specs=nosys.specs -o"lesson.out" "./bsp.o" "./main.o" "./startup_tm4c_gnu.o" -Wl,-T"../tm4c123gh6pm.lds"  
makefile:136: recipe for target 'lesson.out' failed
c:/ti/ccs/tools/compiler/gcc-arm-none-eabi-9-2019-q4-major/bin/../lib/gcc/arm-none-eabi/9.2.1/../../../../arm-none-eabi/bin/ld.exe: ./main.o: in function `main':
D:\E Drive\E drive\Embedded\modern_embedded_systems\my_work\lessons\lesson19\Debug/../main.c:34: undefined reference to `__iar_builtin_enable_interrupt'
collect2.exe: error: ld returned 1 exit status
gmake[1]: *** [lesson.out] Error 1
gmake: *** [all] Error 2
makefile:132: recipe for target 'all' failed

**** Build Finished ****

**** Build of configuration Debug for project lesson ****

"C:\\ti\\ccs\\utils\\bin\\gmake" -k -j 12 all -O 
 
Building target: "lesson.out"
Invoking: GNU Linker
"C:/ti/ccs/tools/compiler/gcc-arm-none-eabi-9-2019-q4-major/bin/arm-none-eabi-gcc-9.2.1.exe" -mfpu=fpv4-sp-d16 -DPART_TM4C123GH6PM -Og -ffunction-sections -fdata-sections -g -gdwarf-3 -gstrict-dwarf -Wall -mcpu=cortex-m4 -mcpu=cortex-m4 -march=armv7e-m -mthumb -mfloat-abi=hard -mfpu=fpv4-sp-d16 -DPART_TM4C123GH6PM -I"D:/E Drive/E drive/Embedded/modern_embedded_systems/my_work/lessons/lesson19" -I"C:/ti/ccs/tools/compiler/gcc-arm-none-eabi-9-2019-q4-major/arm-none-eabi/include" -Og -ffunction-sections -fdata-sections -g -gdwarf-3 -gstrict-dwarf -Wall -specs=nosys.specs -o"lesson.out" "./bsp.o" "./main.o" "./startup_tm4c_gnu.o" -Wl,-T"../tm4c123gh6pm.lds"  
makefile:136: recipe for target 'lesson.out' failed
c:/ti/ccs/tools/compiler/gcc-arm-none-eabi-9-2019-q4-major/bin/../lib/gcc/arm-none-eabi/9.2.1/../../../../arm-none-eabi/bin/ld.exe: ./main.o: in function `main':
D:\E Drive\E drive\Embedded\modern_embedded_systems\my_work\lessons\lesson19\Debug/../main.c:34: undefined reference to `__iar_builtin_enable_interrupt'
collect2.exe: error: ld returned 1 exit status
gmake[1]: *** [lesson.out] Error 1
gmake: *** [all] Error 2
makefile:132: recipe for target 'all' failed

**** Build Finished ****

**** Build of configuration Debug for project lesson ****

"C:\\ti\\ccs\\utils\\bin\\gmake" -k -j 12 all -O 
 
Building file: "../main.c"
Invoking: GNU Compiler
"C:/ti/ccs/tools/compiler/gcc-arm-none-eabi-9-2019-q4-major/bin/arm-none-eabi-gcc-9.2.1.exe" -c -mcpu=cortex-m4 -march=armv7e-m -mthumb -mfloat-abi=hard -mfpu=fpv4-sp-d16 -DPART_TM4C123GH6PM -I"D:/E Drive/E drive/Embedded/modern_embedded_systems/my_work/lessons/lesson19" -I"D:/E Drive/E drive/Embedded/modern_embedded_systems/my_work/lessons/CMSIS" -I"C:/ti/ccs/tools/compiler/gcc-arm-none-eabi-9-2019-q4-major/arm-none-eabi/include" -Og -ffunction-sections -fdata-sections -g -gdwarf-3 -gstrict-dwarf -Wall -MMD -MP -MF"main.d_raw" -MT"main.o"   -o"main.o" "../main.c"
Finished building: "../main.c"
 
Building target: "lesson.out"
Invoking: GNU Linker
"C:/ti/ccs/tools/compiler/gcc-arm-none-eabi-9-2019-q4-major/bin/arm-none-eabi-gcc-9.2.1.exe" -mfpu=fpv4-sp-d16 -DPART_TM4C123GH6PM -Og -ffunction-sections -fdata-sections -g -gdwarf-3 -gstrict-dwarf -Wall -mcpu=cortex-m4 -mcpu=cortex-m4 -march=armv7e-m -mthumb -mfloat-abi=hard -mfpu=fpv4-sp-d16 -DPART_TM4C123GH6PM -I"D:/E Drive/E drive/Embedded/modern_embedded_systems/my_work/lessons/lesson19" -I"C:/ti/ccs/tools/compiler/gcc-arm-none-eabi-9-2019-q4-major/arm-none-eabi/include" -Og -ffunction-sections -fdata-sections -g -gdwarf-3 -gstrict-dwarf -Wall -specs=nosys.specs -o"lesson.out" "./bsp.o" "./main.o" "./startup_tm4c_gnu.o" -Wl,-T"../tm4c123gh6pm.lds"  
Finished building target: "lesson.out"
 

**** Build Finished ****

**** Build of configuration Debug for project lesson ****

"C:\\ti\\ccs\\utils\\bin\\gmake" -k -j 12 all -O 
 
gmake[1]: 'lesson.out' is up to date.

**** Build Finished ****

**** Build of configuration Debug for project lesson ****

"C:\\ti\\ccs\\utils\\bin\\gmake" -k -j 12 all -O 
 
gmake[1]: 'lesson.out' is up to date.

**** Build Finished ****

**** Build of configuration Debug for project lesson ****

"C:\\ti\\ccs\\utils\\bin\\gmake" -k -j 12 all -O 
 
Building file: "../bsp.c"
Invoking: GNU Compiler
"C:/ti/ccs/tools/compiler/gcc-arm-none-eabi-9-2019-q4-major/bin/arm-none-eabi-gcc-9.2.1.exe" -c -mcpu=cortex-m4 -march=armv7e-m -mthumb -mfloat-abi=hard -mfpu=fpv4-sp-d16 -DPART_TM4C123GH6PM -I"D:/E Drive/E drive/Embedded/modern_embedded_systems/my_work/lessons/lesson19" -I"D:/E Drive/E drive/Embedded/modern_embedded_systems/my_work/lessons/CMSIS" -I"C:/ti/ccs/tools/compiler/gcc-arm-none-eabi-9-2019-q4-major/arm-none-eabi/include" -Og -ffunction-sections -fdata-sections -g -gdwarf-3 -gstrict-dwarf -Wall -MMD -MP -MF"bsp.d_raw" -MT"bsp.o"   -o"bsp.o" "../bsp.c"
Finished building: "../bsp.c"
 
Building target: "lesson.out"
Invoking: GNU Linker
"C:/ti/ccs/tools/compiler/gcc-arm-none-eabi-9-2019-q4-major/bin/arm-none-eabi-gcc-9.2.1.exe" -mfpu=fpv4-sp-d16 -DPART_TM4C123GH6PM -Og -ffunction-sections -fdata-sections -g -gdwarf-3 -gstrict-dwarf -Wall -mcpu=cortex-m4 -mcpu=cortex-m4 -march=armv7e-m -mthumb -mfloat-abi=hard -mfpu=fpv4-sp-d16 -DPART_TM4C123GH6PM -I"D:/E Drive/E drive/Embedded/modern_embedded_systems/my_work/lessons/lesson19" -I"C:/ti/ccs/tools/compiler/gcc-arm-none-eabi-9-2019-q4-major/arm-none-eabi/include" -Og -ffunction-sections -fdata-sections -g -gdwarf-3 -gstrict-dwarf -Wall -specs=nosys.specs -o"lesson.out" "./bsp.o" "./main.o" "./startup_tm4c_gnu.o" -Wl,-T"../tm4c123gh6pm.lds"  
Finished building target: "lesson.out"
 

**** Build Finished ****

**** Build of configuration Debug for project lesson ****

"C:\\ti\\ccs\\utils\\bin\\gmake" -k -j 12 all -O 
 
gmake[1]: 'lesson.out' is up to date.

**** Build Finished ****

**** Clean-only build of configuration Debug for project lesson ****

"C:\\ti\\ccs\\utils\\bin\\gmake" -k -j 12 clean -O 
 
DEL /F  "lesson.out" 
DEL /F "bsp.o" "main.o" "startup_tm4c_gnu.o" 
DEL /F "bsp.d" "main.d" "startup_tm4c_gnu.d" 
Finished clean
 

**** Build Finished ****

**** Build of configuration Debug for project lesson ****

"C:\\ti\\ccs\\utils\\bin\\gmake" -k -j 12 all -O 
 
Building file: "../bsp.c"
Invoking: GNU Compiler
"C:/ti/ccs/tools/compiler/gcc-arm-none-eabi-9-2019-q4-major/bin/arm-none-eabi-gcc-9.2.1.exe" -c -mcpu=cortex-m4 -march=armv7e-m -mthumb -mfloat-abi=hard -mfpu=fpv4-sp-d16 -DPART_TM4C123GH6PM -I"D:/E Drive/E drive/Embedded/modern_embedded_systems/my_work/lessons/lesson19" -I"D:/E Drive/E drive/Embedded/modern_embedded_systems/my_work/lessons/CMSIS" -I"C:/ti/ccs/tools/compiler/gcc-arm-none-eabi-9-2019-q4-major/arm-none-eabi/include" -Og -ffunction-sections -fdata-sections -g -gdwarf-3 -gstrict-dwarf -Wall -MMD -MP -MF"bsp.d_raw" -MT"bsp.o"   -o"bsp.o" "../bsp.c"
Finished building: "../bsp.c"
 
Building file: "../main.c"
Invoking: GNU Compiler
"C:/ti/ccs/tools/compiler/gcc-arm-none-eabi-9-2019-q4-major/bin/arm-none-eabi-gcc-9.2.1.exe" -c -mcpu=cortex-m4 -march=armv7e-m -mthumb -mfloat-abi=hard -mfpu=fpv4-sp-d16 -DPART_TM4C123GH6PM -I"D:/E Drive/E drive/Embedded/modern_embedded_systems/my_work/lessons/lesson19" -I"D:/E Drive/E drive/Embedded/modern_embedded_systems/my_work/lessons/CMSIS" -I"C:/ti/ccs/tools/compiler/gcc-arm-none-eabi-9-2019-q4-major/arm-none-eabi/include" -Og -ffunction-sections -fdata-sections -g -gdwarf-3 -gstrict-dwarf -Wall -MMD -MP -MF"main.d_raw" -MT"main.o"   -o"main.o" "../main.c"
Finished building: "../main.c"
 
Building file: "../startup_tm4c_gnu.c"
Invoking: GNU Compiler
"C:/ti/ccs/tools/compiler/gcc-arm-none-eabi-9-2019-q4-major/bin/arm-none-eabi-gcc-9.2.1.exe" -c -mcpu=cortex-m4 -march=armv7e-m -mthumb -mfloat-abi=hard -mfpu=fpv4-sp-d16 -DPART_TM4C123GH6PM -I"D:/E Drive/E drive/Embedded/modern_embedded_systems/my_work/lessons/lesson19" -I"D:/E Drive/E drive/Embedded/modern_embedded_systems/my_work/lessons/CMSIS" -I"C:/ti/ccs/tools/compiler/gcc-arm-none-eabi-9-2019-q4-major/arm-none-eabi/include" -Og -ffunction-sections -fdata-sections -g -gdwarf-3 -gstrict-dwarf -Wall -MMD -MP -MF"startup_tm4c_gnu.d_raw" -MT"startup_tm4c_gnu.o"   -o"startup_tm4c_gnu.o" "../startup_tm4c_gnu.c"
Finished building: "../startup_tm4c_gnu.c"
 
Building target: "lesson.out"
Invoking: GNU Linker
"C:/ti/ccs/tools/compiler/gcc-arm-none-eabi-9-2019-q4-major/bin/arm-none-eabi-gcc-9.2.1.exe" -mfpu=fpv4-sp-d16 -DPART_TM4C123GH6PM -Og -ffunction-sections -fdata-sections -g -gdwarf-3 -gstrict-dwarf -Wall -mcpu=cortex-m4 -mcpu=cortex-m4 -march=armv7e-m -mthumb -mfloat-abi=hard -mfpu=fpv4-sp-d16 -DPART_TM4C123GH6PM -I"D:/E Drive/E drive/Embedded/modern_embedded_systems/my_work/lessons/lesson19" -I"C:/ti/ccs/tools/compiler/gcc-arm-none-eabi-9-2019-q4-major/arm-none-eabi/include" -Og -ffunction-sections -fdata-sections -g -gdwarf-3 -gstrict-dwarf -Wall -specs=nosys.specs -o"lesson.out" "./bsp.o" "./main.o" "./startup_tm4c_gnu.o" -Wl,-T"../tm4c123gh6pm.lds"  
Finished building target: "lesson.out"
 

**** Build Finished ****

**** Build of configuration Debug for project lesson ****

"C:\\ti\\ccs\\utils\\bin\\gmake" -k -j 12 all -O 
 
gmake[1]: 'lesson.out' is up to date.

**** Build Finished ****

**** Build of configuration Debug for project lesson ****

"C:\\ti\\ccs\\utils\\bin\\gmake" -k -j 12 all -O 
 
gmake[1]: 'lesson.out' is up to date.

**** Build Finished ****

**** Build of configuration Debug for project lesson ****

"C:\\ti\\ccs\\utils\\bin\\gmake" -k -j 12 all -O 
 
gmake[1]: 'lesson.out' is up to date.

**** Build Finished ****

**** Build of configuration Debug for project lesson ****

"C:\\ti\\ccs\\utils\\bin\\gmake" -k -j 12 all -O 
 
gmake[1]: 'lesson.out' is up to date.

**** Build Finished ****

**** Build of configuration Debug for project lesson ****

"C:\\ti\\ccs\\utils\\bin\\gmake" -k -j 12 all -O 
 
gmake[1]: 'lesson.out' is up to date.

**** Build Finished ****

**** Build of configuration Debug for project lesson ****

"C:\\ti\\ccs\\utils\\bin\\gmake" -k -j 12 all -O 
 
gmake[1]: 'lesson.out' is up to date.

**** Build Finished ****

**** Build of configuration Debug for project lesson ****

"C:\\ti\\ccs\\utils\\bin\\gmake" -k -j 12 all -O 
 
gmake[1]: 'lesson.out' is up to date.

**** Build Finished ****

**** Build of configuration Debug for project lesson ****

"C:\\ti\\ccs\\utils\\bin\\gmake" -k -j 12 all -O 
 
gmake[1]: 'lesson.out' is up to date.

**** Build Finished ****

**** Build of configuration Debug for project lesson ****

"C:\\ti\\ccs\\utils\\bin\\gmake" -k -j 12 all -O 
 
gmake[1]: 'lesson.out' is up to date.

**** Build Finished ****

**** Build of configuration Debug for project lesson ****

"C:\\ti\\ccs\\utils\\bin\\gmake" -k -j 12 all -O 
 
gmake[1]: 'lesson.out' is up to date.

**** Build Finished ****

**** Build of configuration Debug for project lesson ****

"C:\\ti\\ccs\\utils\\bin\\gmake" -k -j 12 all -O 
 
gmake[1]: 'lesson.out' is up to date.

**** Build Finished ****

**** Build of configuration Debug for project lesson ****

"C:\\ti\\ccs\\utils\\bin\\gmake" -k -j 12 all -O 
 
gmake[1]: 'lesson.out' is up to date.

**** Build Finished ****

**** Build of configuration Debug for project lesson ****

"C:\\ti\\ccs\\utils\\bin\\gmake" -k -j 12 all -O 
 
gmake[1]: 'lesson.out' is up to date.

**** Build Finished ****

**** Build of configuration Debug for project lesson ****

"C:\\ti\\ccs\\utils\\bin\\gmake" -k -j 12 all -O 
 
Building file: "../main.c"
Invoking: GNU Compiler
"C:/ti/ccs/tools/compiler/gcc-arm-none-eabi-9-2019-q4-major/bin/arm-none-eabi-gcc-9.2.1.exe" -c -mcpu=cortex-m4 -march=armv7e-m -mthumb -mfloat-abi=hard -mfpu=fpv4-sp-d16 -DPART_TM4C123GH6PM -I"D:/E Drive/E drive/Embedded/modern_embedded_systems/my_work/lessons/lesson19" -I"D:/E Drive/E drive/Embedded/modern_embedded_systems/my_work/lessons/CMSIS" -I"C:/ti/ccs/tools/compiler/gcc-arm-none-eabi-9-2019-q4-major/arm-none-eabi/include" -Og -ffunction-sections -fdata-sections -g -gdwarf-3 -gstrict-dwarf -Wall -MMD -MP -MF"main.d_raw" -MT"main.o"   -o"main.o" "../main.c"
subdir_rules.mk:9: recipe for target 'main.o' failed
In file included from ../main.c:1:
../TM4C123GH6PM.h:316:10: fatal error: core_cm4.h: No such file or directory
  316 | #include "core_cm4.h"                               /*!< Cortex-M4 processor and core peripherals                              */
      |          ^~~~~~~~~~~~
compilation terminated.
gmake: *** [main.o] Error 1
gmake: Target 'all' not remade because of errors.

**** Build Finished ****
